[01m[K/home/flash/ros2_workspace/src/pcl_downsampling/src/downsampling_node.cpp:[m[K In member function â€˜[01m[Kvoid DownsamplingNode::topic_callback(sensor_msgs::msg::PointCloud2_<std::allocator<void> >::SharedPtr) const[m[Kâ€™:
[01m[K/home/flash/ros2_workspace/src/pcl_downsampling/src/downsampling_node.cpp:38:5:[m[K [01;31m[Kerror: [m[Kâ€˜[01m[Kpublisher_[m[Kâ€™ was not declared in this scope; did you mean â€˜[01m[Kpublisherl_[m[Kâ€™?
   38 |     [01;31m[Kpublisher_[m[K->publish(output);
      |     [01;31m[K^~~~~~~~~~[m[K
      |     [32m[Kpublisherl_[m[K
gmake[2]: *** [CMakeFiles/downsampling_node.dir/build.make:76: CMakeFiles/downsampling_node.dir/src/downsampling_node.cpp.o] Error 1
gmake[1]: *** [CMakeFiles/Makefile2:137: CMakeFiles/downsampling_node.dir/all] Error 2
gmake: *** [Makefile:146: all] Error 2
